<?xml version="1.0" encoding="UTF-8"?><testsuite errors="0" failures="0" name="org.crank.crud.GenericDaoJpaTest" tests="18" time="4.816"><properties/><testcase classname="org.crank.crud.GenericDaoJpaTest" name="testFetchWithOrderBy" time="0.617"/><testcase classname="org.crank.crud.GenericDaoJpaTest" name="testFindByCriteria" time="0.076"/><testcase classname="org.crank.crud.GenericDaoJpaTest" name="testGetUpdateObjects" time="0.823"/><testcase classname="org.crank.crud.GenericDaoJpaTest" name="testQueryBuildingDoubleParam" time="0.0010"/><testcase classname="org.crank.crud.GenericDaoJpaTest" name="testGetObject" time="0.0050"/><testcase classname="org.crank.crud.GenericDaoJpaTest" name="testQueryBuildingEmptyParam" time="0.0010"/><testcase classname="org.crank.crud.GenericDaoJpaTest" name="testFindRelatedField" time="0.013"/><testcase classname="org.crank.crud.GenericDaoJpaTest" name="testQueryBuildingDoubleParamOrderBy" time="0.0060"/><testcase classname="org.crank.crud.GenericDaoJpaTest" name="testParameterQuery" time="0.017"/><testcase classname="org.crank.crud.GenericDaoJpaTest" name="testGetObjects" time="0.016"/><testcase classname="org.crank.crud.GenericDaoJpaTest" name="constructQueryString" time="0.027"/><testcase classname="org.crank.crud.GenericDaoJpaTest" name="testQueryRelatedField" time="0.02"/><testcase classname="org.crank.crud.GenericDaoJpaTest" name="testQBE" time="0.015"/><testcase classname="org.crank.crud.GenericDaoJpaTest" name="testFinderSupport" time="0.0050"/><testcase classname="org.crank.crud.GenericDaoJpaTest" name="testBetween" time="0.0070"/><testcase classname="org.crank.crud.GenericDaoJpaTest" name="testSingleParameterQuery" time="0.0040"/><testcase classname="org.crank.crud.GenericDaoJpaTest" name="testQueryBuildingSingleParam" time="0.0"/><testcase classname="org.crank.crud.GenericDaoJpaTest" name="testDeleteObject" time="0.531"/></testsuite>