<?xml version="1.0" encoding="UTF-8"?><testsuite errors="0" failures="0" name="org.crank.crud.criteria.test.GroupTest" tests="5" time="0.037"><properties/><testcase classname="org.crank.crud.criteria.test.GroupTest" name="test2" time="0.012"/><testcase classname="org.crank.crud.criteria.test.GroupTest" name="testPrime" time="0.0020"/><testcase classname="org.crank.crud.criteria.test.GroupTest" name="nestedPrime" time="0.0010"/><testcase classname="org.crank.crud.criteria.test.GroupTest" name="nested" time="0.0010"/><testcase classname="org.crank.crud.criteria.test.GroupTest" name="test1" time="0.0010"/></testsuite>