<?xml version="1.0" encoding="UTF-8"?><testsuite errors="0" failures="0" name="org.crank.crud.criteria.test.GroupTest" tests="6" time="0.059"><properties/><testcase classname="org.crank.crud.criteria.test.GroupTest" name="test2" time="0.01"/><testcase classname="org.crank.crud.criteria.test.GroupTest" name="testPrime" time="0.0010"/><testcase classname="org.crank.crud.criteria.test.GroupTest" name="example" time="0.0080"/><testcase classname="org.crank.crud.criteria.test.GroupTest" name="nestedPrime" time="0.0"/><testcase classname="org.crank.crud.criteria.test.GroupTest" name="nested" time="0.0010"/><testcase classname="org.crank.crud.criteria.test.GroupTest" name="test1" time="0.0010"/></testsuite>